1548269213287	mozrunner::runner	INFO	Running command: "C:\\Program Files\\Mozilla Firefox\\firefox.exe" "-marionette" "-foreground" "-no-remote" "-profile" "C:\\Users\\edwin\\AppData\\Local\\Temp\\rust_mozprofile.gDcWnNatYOsO"
1548269214953	addons.webextension.screenshots@mozilla.org	WARN	Loading extension 'screenshots@mozilla.org': Reading manifest: Invalid host permission: resource://pdf.js/
1548269214953	addons.webextension.screenshots@mozilla.org	WARN	Loading extension 'screenshots@mozilla.org': Reading manifest: Invalid host permission: about:reader*
1548269215311	Marionette	DEBUG	Received observer notification profile-after-change
1548269215890	Marionette	DEBUG	Received observer notification toplevel-window-ready
1548269215969	Marionette	DEBUG	Received observer notification command-line-startup
1548269215969	Marionette	DEBUG	Received observer notification nsPref:changed
1548269215970	Marionette	DEBUG	Init aborted (running=false, enabled=true, finalUIStartup=false)
1548269216571	Marionette	DEBUG	Received observer notification toplevel-window-ready
1548269218772	Marionette	DEBUG	Received observer notification sessionstore-windows-restored
1548269218773	Marionette	DEBUG	Waiting for delayed startup...
1548269218997	Marionette	DEBUG	Setting recommended pref security.turn_off_all_security_so_that_viruses_can_take_over_this_computer to true
1548269218998	Marionette	DEBUG	Setting recommended pref apz.content_response_timeout to 60000
1548269218998	Marionette	DEBUG	Setting recommended pref browser.contentblocking.introCount to 99
1548269218999	Marionette	DEBUG	Setting recommended pref browser.download.panel.shown to true
1548269218999	Marionette	DEBUG	Setting recommended pref browser.pagethumbnails.capturing_disabled to true
1548269219000	Marionette	DEBUG	Setting recommended pref browser.tabs.disableBackgroundZombification to false
1548269219000	Marionette	DEBUG	Setting recommended pref browser.tabs.warnOnCloseOtherTabs to false
1548269219001	Marionette	DEBUG	Setting recommended pref browser.urlbar.suggest.searches to false
1548269219001	Marionette	DEBUG	Setting recommended pref datareporting.policy.dataSubmissionPolicyAccepted to false
1548269219001	Marionette	DEBUG	Setting recommended pref dom.disable_beforeunload to true
1548269219002	Marionette	DEBUG	Setting recommended pref dom.file.createInChild to true
1548269219003	Marionette	DEBUG	Setting recommended pref extensions.getAddons.cache.enabled to false
1548269219003	Marionette	DEBUG	Setting recommended pref extensions.webservice.discoverURL to http://%(server)s/dummy/discoveryURL
1548269219004	Marionette	DEBUG	Setting recommended pref network.http.prompt-temp-redirect to false
1548269219004	Marionette	DEBUG	Setting recommended pref network.http.speculative-parallel-limit to 0
1548269219005	Marionette	DEBUG	Setting recommended pref security.notification_enable_delay to 0
1548269219006	Marionette	DEBUG	Setting recommended pref signon.autofillForms to false
1548269219006	Marionette	DEBUG	Setting recommended pref toolkit.cosmeticAnimations.enabled to false
1548269219194	Marionette	INFO	Listening on port 54394
1548269219194	Marionette	DEBUG	Remote service is active
1548269221384	Marionette	DEBUG	Accepted connection 0 from 127.0.0.1:54395
1548269221389	Marionette	TRACE	0 -> [0,1,"WebDriver:NewSession",{"acceptInsecureCerts":true,"browserName":"firefox"}]
1548269221390	Marionette	WARN	TLS certificate errors will be ignored for this session
1548269221531	Marionette	DEBUG	[6442450945] Frame script loaded
1548269221534	Marionette	DEBUG	[6442450945] Frame script registered
1548269221536	Marionette	TRACE	0 <- [1,1,null,{"sessionId":"88d1416e-4ea0-40b0-a4aa-758218c843dc","capabilities":{"browserName":"firefox","browserVersion":"64.0" ... ozprofile.gDcWnNatYOsO","moz:shutdownTimeout":60000,"moz:useNonSpecCompliantPointerOrigin":false,"moz:webdriverClick":true}}]
1548269221603	Marionette	TRACE	0 -> [0,2,"WebDriver:SetTimeouts",{"script":5000}]
1548269221604	Marionette	TRACE	0 <- [1,2,null,{"value":null}]
1548269221617	Marionette	TRACE	0 -> [0,3,"WebDriver:SetTimeouts",{"implicit":0}]
1548269221618	Marionette	TRACE	0 <- [1,3,null,{"value":null}]
1548269221625	Marionette	TRACE	0 -> [0,4,"WebDriver:Navigate",{"url":"https://www.bol.com"}]
1548269221643	Marionette	DEBUG	[6442450945] Received DOM event beforeunload for about:blank
1548269225134	Marionette	DEBUG	[6442450945] Received DOM event pagehide for about:blank
1548269229767	Marionette	DEBUG	[6442450945] Received DOM event DOMContentLoaded for https://www.bol.com/nl/
1548269237900	Marionette	DEBUG	[6442450945] Received DOM event pageshow for https://www.bol.com/nl/
1548269237903	Marionette	TRACE	0 <- [1,4,null,{"value":null}]
1548269240182	Marionette	DEBUG	Closed connection 0
console.error: BroadcastService: 
  receivedBroadcastMessage: handler for
  remote-settings/monitor_changes
  threw error:
  Message: Error: Polling for changes failed: NetworkError when attempting to fetch resource..
  Stack:
    remoteSettingsFunction/remoteSettings.pollChanges@resource://services-settings/remote-settings.js:750:13

[Child 17132, Chrome_ChildThread] WARNING: pipe error: 109: file z:/build/build/src/ipc/chromium/src/chrome/common/ipc_channel_win.cc, line 346
[Child 17132, Chrome_ChildThread] WARNING: pipe error: 109: file z:/build/build/src/ipc/chromium/src/chrome/com1548269983859	Marionette	DEBUG	Received observer notification xpcom-will-shutdown
1548269983859	Marionette	DEBUG	Resetting recommended pref security.turn_off_all_security_so_that_viruses_can_take_over_this_computer
1548269983859	Marionette	DEBUG	Resetting recommended pref apz.content_response_timeout
1548269983859	Marionette	DEBUG	Resetting recommended pref browser.contentblocking.introCount
1548269983860	Marionette	DEBUG	Resetting recommended pref browser.download.panel.shown
1548269983860	Marionette	DEBUG	Resetting recommended pref browser.pagethumbnails.capturing_disabled
1548269983860	Marionette	DEBUG	Resetting recommended pref browser.tabs.disableBackgroundZombification
1548269983860	Marionette	DEBUG	Resetting recommended pref browser.tabs.warnOnCloseOtherTabs
1548269983861	Marionette	DEBUG	Resetting recommended pref browser.urlbar.suggest.searches
1548269983861	Marionette	DEBUG	Resetting recommended pref datareporting.policy.dataSubmissionPolicyAccepted
1548269983862	Marionette	DEBUG	Resetting recommended pref dom.disable_beforeunload
1548269983863	Marionette	DEBUG	Resetting recommended pref dom.file.createInChild
1548269983863	Marionette	DEBUG	Resetting recommended pref extensions.getAddons.cache.enabled
1548269983863	Marionette	DEBUG	Resetting recommended pref extensions.webservice.discoverURL
1548269983863	Marionette	DEBUG	Resetting recommended pref network.http.prompt-temp-redirect
1548269983863	Marionette	DEBUG	Resetting recommended pref network.http.speculative-parallel-limit
1548269983864	Marionette	DEBUG	Resetting recommended pref security.notification_enable_delay
1548269983864	Marionette	DEBUG	Resetting recommended pref signon.autofillForms
1548269983864	Marionette	DEBUG	Resetting recommended pref toolkit.cosmeticAnimations.enabled
1548269983866	Marionette	INFO	Stopped listening on port 54394
1548269983866	Marionette	DEBUG	Remote service is inactive

###!!! [Child][RunMessage] Error: Channel closing: too late to send/recv, messages will be lost


###!!! [Child][MessageChannel::SendAndWait] Error: Channel error: cannot send/recv

1548269993547	mozrunner::runner	INFO	Running command: "C:\\Program Files\\Mozilla Firefox\\firefox.exe" "-marionette" "-foreground" "-no-remote" "-profile" "C:\\Users\\edwin\\AppData\\Local\\Temp\\rust_mozprofile.C6mC1M2DkNl9"
1548270088163	mozrunner::runner	INFO	Running command: "C:\\Program Files\\Mozilla Firefox\\firefox.exe" "-marionette" "-foreground" "-no-remote" "-profile" "C:\\Users\\edwin\\AppData\\Local\\Temp\\rust_mozprofile.5ccEtznZphG7"
1548270089464	addons.webextension.screenshots@mozilla.org	WARN	Loading extension 'screenshots@mozilla.org': Reading manifest: Invalid host permission: resource://pdf.js/
1548270089465	addons.webextension.screenshots@mozilla.org	WARN	Loading extension 'screenshots@mozilla.org': Reading manifest: Invalid host permission: about:reader*
1548270089810	Marionette	DEBUG	Received observer notification profile-after-change
1548270090434	Marionette	DEBUG	Received observer notification toplevel-window-ready
1548270090548	Marionette	DEBUG	Received observer notification command-line-startup
1548270090548	Marionette	DEBUG	Received observer notification nsPref:changed
1548270090549	Marionette	DEBUG	Init aborted (running=false, enabled=true, finalUIStartup=false)
1548270091096	Marionette	DEBUG	Received observer notification toplevel-window-ready
1548270093671	Marionette	DEBUG	Received observer notification sessionstore-windows-restored
1548270093672	Marionette	DEBUG	Waiting for delayed startup...
1548270093957	Marionette	DEBUG	Setting recommended pref security.turn_off_all_security_so_that_viruses_can_take_over_this_computer to true
1548270093958	Marionette	DEBUG	Setting recommended pref apz.content_response_timeout to 60000
1548270093959	Marionette	DEBUG	Setting recommended pref browser.contentblocking.introCount to 99
1548270093960	Marionette	DEBUG	Setting recommended pref browser.download.panel.shown to true
1548270093960	Marionette	DEBUG	Setting recommended pref browser.pagethumbnails.capturing_disabled to true
1548270093963	Marionette	DEBUG	Setting recommended pref browser.tabs.disableBackgroundZombification to false
1548270093964	Marionette	DEBUG	Setting recommended pref browser.tabs.warnOnCloseOtherTabs to false
1548270093964	Marionette	DEBUG	Setting recommended pref browser.urlbar.suggest.searches to false
1548270093965	Marionette	DEBUG	Setting recommended pref datareporting.policy.dataSubmissionPolicyAccepted to false
1548270093965	Marionette	DEBUG	Setting recommended pref dom.disable_beforeunload to true
1548270093967	Marionette	DEBUG	Setting recommended pref dom.file.createInChild to true
1548270093967	Marionette	DEBUG	Setting recommended pref extensions.getAddons.cache.enabled to false
1548270093967	Marionette	DEBUG	Setting recommended pref extensions.webservice.discoverURL to http://%(server)s/dummy/discoveryURL
1548270093968	Marionette	DEBUG	Setting recommended pref network.http.prompt-temp-redirect to false
1548270093968	Marionette	DEBUG	Setting recommended pref network.http.speculative-parallel-limit to 0
1548270093968	Marionette	DEBUG	Setting recommended pref security.notification_enable_delay to 0
1548270093969	Marionette	DEBUG	Setting recommended pref signon.autofillForms to false
1548270093969	Marionette	DEBUG	Setting recommended pref toolkit.cosmeticAnimations.enabled to false
1548270094106	Marionette	INFO	Listening on port 54611
1548270094107	Marionette	DEBUG	Remote service is active
1548270094256	Marionette	DEBUG	Accepted connection 0 from 127.0.0.1:54626
1548270094261	Marionette	TRACE	0 -> [0,1,"WebDriver:NewSession",{"acceptInsecureCerts":true,"browserName":"firefox"}]
1548270094262	Marionette	WARN	TLS certificate errors will be ignored for this session
1548270094429	Marionette	DEBUG	[6442450945] Frame script loaded
1548270094456	Marionette	DEBUG	[6442450945] Frame script registered
1548270094470	Marionette	TRACE	0 <- [1,1,null,{"sessionId":"4a0c5986-5db6-4fbc-a94b-4f668d72684d","capabilities":{"browserName":"firefox","browserVersion":"64.0. ... ozprofile.5ccEtznZphG7","moz:shutdownTimeout":60000,"moz:useNonSpecCompliantPointerOrigin":false,"moz:webdriverClick":true}}]
1548270094572	Marionette	TRACE	0 -> [0,2,"WebDriver:SetTimeouts",{"script":5000}]
1548270094573	Marionette	TRACE	0 <- [1,2,null,{"value":null}]
1548270094582	Marionette	TRACE	0 -> [0,3,"WebDriver:SetTimeouts",{"implicit":0}]
1548270094583	Marionette	TRACE	0 <- [1,3,null,{"value":null}]
1548270094591	Marionette	TRACE	0 -> [0,4,"WebDriver:Navigate",{"url":"https://www.bol.com"}]
1548270094616	Marionette	DEBUG	[6442450945] Received DOM event beforeunload for about:blank
1548270107046	Marionette	DEBUG	[6442450945] Received DOM event pagehide for about:blank
1548270109847	Marionette	DEBUG	[6442450945] Received DOM event DOMContentLoaded for https://www.bol.com/nl/
1548270109956	Marionette	DEBUG	[6442450945] Received DOM event pageshow for https://www.bol.com/nl/
1548270109959	Marionette	TRACE	0 <- [1,4,null,{"value":null}]
1548270110041	Marionette	TRACE	0 -> [0,5,"WebDriver:MaximizeWindow",{}]
1548270110051	Marionette	TRACE	0 <- [1,5,null,{"x":-8,"y":-8,"width":1616,"height":886,"state":"maximized"}]
1548270110126	Marionette	TRACE	0 -> [0,6,"Marionette:Quit",{"flags":["eForceQuit"]}]
1548270110128	Marionette	INFO	Stopped listening on port 54611
1548270110456	Marionette	TRACE	0 <- [1,6,null,{"cause":"shutdown"}]
[Parent 27964, Gecko_IOThread] WARNING: pipe error: 109: file z:/build/build/src/ipc/chromium/src/chrome/common/ipc_channel_win.cc, line 346
1548270110573	Marionette	TRACE	0 -> [0,7,"Marionette:Quit",{"flags":["eForceQuit"]}]
1548270110574	Marionette	TRACE	0 <- [1,7,{"error":"invalid session id","message":"Tried to run command without establishing a connection","stacktrace":"WebDriver ... et@chrome://marionette/content/server.js:236:8\n_onJSONObjectReady/<@chrome://marionette/content/transport.js:490:9\n"},null]
1548270110613	Marionette	DEBUG	Closed connection 0
1548270111123	Marionette	DEBUG	Received observer notification xpcom-will-shutdown
1548270111124	Marionette	DEBUG	Resetting recommended pref security.turn_off_all_security_so_that_viruses_can_take_over_this_computer
1548270111124	Marionette	DEBUG	Resetting recommended pref apz.content_response_timeout
1548270111124	Marionette	DEBUG	Resetting recommended pref browser.contentblocking.introCount
1548270111124	Marionette	DEBUG	Resetting recommended pref browser.download.panel.shown
1548270111124	Marionette	DEBUG	Resetting recommended pref browser.pagethumbnails.capturing_disabled
1548270111124	Marionette	DEBUG	Resetting recommended pref browser.tabs.disableBackgroundZombification
1548270111125	Marionette	DEBUG	Resetting recommended pref browser.tabs.warnOnCloseOtherTabs
1548270111125	Marionette	DEBUG	Resetting recommended pref browser.urlbar.suggest.searches
1548270111125	Marionette	DEBUG	Resetting recommended pref datareporting.policy.dataSubmissionPolicyAccepted
1548270111126	Marionette	DEBUG	Resetting recommended pref dom.disable_beforeunload
1548270111126	Marionette	DEBUG	Resetting recommended pref dom.file.createInChild
1548270111126	Marionette	DEBUG	Resetting recommended pref extensions.getAddons.cache.enabled
1548270111126	Marionette	DEBUG	Resetting recommended pref extensions.webservice.discoverURL
1548270111126	Marionette	DEBUG	Resetting recommended pref network.http.prompt-temp-redirect
1548270111126	Marionette	DEBUG	Resetting recommended pref network.http.speculative-parallel-limit
1548270111126	Marionette	DEBUG	Resetting recommended pref security.notification_enable_delay
1548270111126	Marionette	DEBUG	Resetting recommended pref signon.autofillForms
1548270111127	Marionette	DEBUG	Resetting recommended pref toolkit.cosmeticAnimations.enabled
1548270111127	Marionette	DEBUG	Remote service is inactive

###!!! [Child][RunMessage] Error: Channel closing: too late to send/recv, messages will be lost

[GPU 24600, Chrome
###!!! [Child][MessageChannel::SendAndWait] Error: Channel error: cannot send/recv

1548270130918	mozrunner::runner	INFO	Running command: "C:\\Program Files\\Mozilla Firefox\\firefox.exe" "-marionette" "-foreground" "-no-remote" "-profile" "C:\\Users\\edwin\\AppData\\Local\\Temp\\rust_mozprofile.rXon8WEAkjYJ"
1548270132642	addons.webextension.screenshots@mozilla.org	WARN	Loading extension 'screenshots@mozilla.org': Reading manifest: Invalid host permission: resource://pdf.js/
1548270132643	addons.webextension.screenshots@mozilla.org	WARN	Loading extension 'screenshots@mozilla.org': Reading manifest: Invalid host permission: about:reader*
1548270133525	Marionette	DEBUG	Received observer notification profile-after-change
1548270134213	Marionette	DEBUG	Received observer notification toplevel-window-ready
1548270134325	Marionette	DEBUG	Received observer notification command-line-startup
1548270134325	Marionette	DEBUG	Received observer notification nsPref:changed
1548270134325	Marionette	DEBUG	Init aborted (running=false, enabled=true, finalUIStartup=false)
1548270134975	Marionette	DEBUG	Received observer notification toplevel-window-ready
1548270137740	Marionette	DEBUG	Received observer notification sessionstore-windows-restored
1548270137741	Marionette	DEBUG	Waiting for delayed startup...
1548270138183	Marionette	DEBUG	Setting recommended pref security.turn_off_all_security_so_that_viruses_can_take_over_this_computer to true
1548270138183	Marionette	DEBUG	Setting recommended pref apz.content_response_timeout to 60000
1548270138184	Marionette	DEBUG	Setting recommended pref browser.contentblocking.introCount to 99
1548270138184	Marionette	DEBUG	Setting recommended pref browser.download.panel.shown to true
1548270138185	Marionette	DEBUG	Setting recommended pref browser.pagethumbnails.capturing_disabled to true
1548270138187	Marionette	DEBUG	Setting recommended pref browser.tabs.disableBackgroundZombification to false
1548270138187	Marionette	DEBUG	Setting recommended pref browser.tabs.warnOnCloseOtherTabs to false
1548270138188	Marionette	DEBUG	Setting recommended pref browser.urlbar.suggest.searches to false
1548270138188	Marionette	DEBUG	Setting recommended pref datareporting.policy.dataSubmissionPolicyAccepted to false
1548270138188	Marionette	DEBUG	Setting recommended pref dom.disable_beforeunload to true
1548270138190	Marionette	DEBUG	Setting recommended pref dom.file.createInChild to true
1548270138190	Marionette	DEBUG	Setting recommended pref extensions.getAddons.cache.enabled to false
1548270138190	Marionette	DEBUG	Setting recommended pref extensions.webservice.discoverURL to http://%(server)s/dummy/discoveryURL
1548270138191	Marionette	DEBUG	Setting recommended pref network.http.prompt-temp-redirect to false
1548270138191	Marionette	DEBUG	Setting recommended pref network.http.speculative-parallel-limit to 0
1548270138191	Marionette	DEBUG	Setting recommended pref security.notification_enable_delay to 0
1548270138192	Marionette	DEBUG	Setting recommended pref signon.autofillForms to false
1548270138192	Marionette	DEBUG	Setting recommended pref toolkit.cosmeticAnimations.enabled to false
1548270138360	Marionette	INFO	Listening on port 54678
1548270138361	Marionette	DEBUG	Remote service is active
1548270138612	Marionette	DEBUG	Accepted connection 0 from 127.0.0.1:54694
1548270138619	Marionette	TRACE	0 -> [0,1,"WebDriver:NewSession",{"acceptInsecureCerts":true,"browserName":"firefox"}]
1548270138620	Marionette	WARN	TLS certificate errors will be ignored for this session
1548270138832	Marionette	DEBUG	[6442450945] Frame script loaded
1548270138858	Marionette	DEBUG	[6442450945] Frame script registered
1548270138863	Marionette	TRACE	0 <- [1,1,null,{"sessionId":"4eb5768d-ec54-4063-988f-14be1528ee67","capabilities":{"browserName":"firefox","browserVersion":"64.0. ... ozprofile.rXon8WEAkjYJ","moz:shutdownTimeout":60000,"moz:useNonSpecCompliantPointerOrigin":false,"moz:webdriverClick":true}}]
1548270138936	Marionette	TRACE	0 -> [0,2,"WebDriver:SetTimeouts",{"script":5000}]
1548270138937	Marionette	TRACE	0 <- [1,2,null,{"value":null}]
1548270138942	Marionette	TRACE	0 -> [0,3,"WebDriver:SetTimeouts",{"implicit":0}]
1548270138944	Marionette	TRACE	0 <- [1,3,null,{"value":null}]
1548270138950	Marionette	TRACE	0 -> [0,4,"WebDriver:Navigate",{"url":"https://www.bol.com"}]
1548270138970	Marionette	DEBUG	[6442450945] Received DOM event beforeunload for about:blank
1548270158495	Marionette	DEBUG	[6442450945] Received DOM event pagehide for about:blank
1548270167745	Marionette	DEBUG	[6442450945] Received DOM event DOMContentLoaded for https://www.bol.com/nl/
1548270168790	Marionette	DEBUG	[6442450945] Received DOM event pageshow for https://www.bol.com/nl/
1548270168797	Marionette	TRACE	0 <- [1,4,null,{"value":null}]
1548270168833	Marionette	TRACE	0 -> [0,5,"WebDriver:MaximizeWindow",{}]
1548270168846	Marionette	TRACE	0 <- [1,5,null,{"x":-8,"y":-8,"width":1616,"height":886,"state":"maximized"}]
1548270169363	Marionette	DEBUG	Closed connection 0
[Child 7036, Chrome_ChildThread] WARNING: pipe error: 109: file z:/build/build/src/ipc/chromium/src/chrome/common/ipc_channel_win.cc, line 346
[Child 7036, Chrome_ChildThread] WARNI[Parent 21944, Gecko_IOThread] WARNING: pipe error: 109: file z:/build/build/src/ipc/chromium/src/chrome/common/ipc_channel_win.cc, line 346

###!!! [Child][MessageChannel] Error: (msgtype=0x3000B8,name=PContent::Msg_ScriptError) Channel closing: too late to send/recv, messages will be lost


###!!! [Child][MessageChannel] Error: (msgtype=0x4C000E,name=PHttpChannel::Msg_DeletingChannel) Channel closing: too late to send/recv, messages will be lost

[Parent 21944, Gecko_IOThread] WARNING: pipe error: 109: file z:/build/build/src/ipc/chromium/src/chrome/common/ipc_channel_win.cc, line 346
[Child 28964, Chrome_ChildThread] WARNING: pipe error: 109: file z:/build/build/src/ipc/chromium/src/chrome/common/ipc_channel_win.cc, line 346
[Child 28964, Chrome_ChildThread] WARNING: pip1548270234204	Marionette	DEBUG	Received observer notification xpcom-will-shutdown
1548270234205	Marionette	DEBUG	Resetting recommended pref security.turn_off_all_security_so_that_viruses_can_take_over_this_computer
1548270234205	Marionette	DEBUG	Resetting recommended pref apz.content_response_timeout
1548270234205	Marionette	DEBUG	Resetting recommended pref browser.contentblocking.introCount
1548270234205	Marionette	DEBUG	Resetting recommended pref browser.download.panel.shown
1548270234206	Marionette	DEBUG	Resetting recommended pref browser.pagethumbnails.capturing_disabled
1548270234206	Marionette	DEBUG	Resetting recommended pref browser.tabs.disableBackgroundZombification
1548270234206	Marionette	DEBUG	Resetting recommended pref browser.tabs.warnOnCloseOtherTabs
1548270234207	Marionette	DEBUG	Resetting recommended pref browser.urlbar.suggest.searches
1548270234208	Marionette	DEBUG	Resetting recommended pref datareporting.policy.dataSubmissionPolicyAccepted
1548270234209	Marionette	DEBUG	Resetting recommended pref dom.disable_beforeunload
1548270234210	Marionette	DEBUG	Resetting recommended pref dom.file.createInChild
1548270234211	Marionette	DEBUG	Resetting recommended pref extensions.getAddons.cache.enabled
1548270234212	Marionette	DEBUG	Resetting recommended pref extensions.webservice.discoverURL
1548270234212	Marionette	DEBUG	Resetting recommended pref network.http.prompt-temp-redirect
1548270234212	Marionette	DEBUG	Resetting recommended pref network.http.speculative-parallel-limit
1548270234212	Marionette	DEBUG	Resetting recommended pref security.notification_enable_delay
1548270234213	Marionette	DEBUG	Resetting recommended pref signon.autofillForms
1548270234213	Marionette	DEBUG	Resetting recommended pref toolkit.cosmeticAnimations.enabled
1548270234215	Marionette	INFO	Stopped listening on port 54678
1548270234215	Marionette	DEBUG	Remote service is inactive

###!!! [Child][RunMessage] Error: Channel closing: too late to send/recv, messages will be lost

[GPU 8356
###!!! [Child][MessageChannel::SendAndWait] Error: Channel error: cannot send/recv

1548270240737	mozrunner::runner	INFO	Running command: "C:\\Program Files\\Mozilla Firefox\\firefox.exe" "-marionette" "-foreground" "-no-remote" "-profile" "C:\\Users\\edwin\\AppData\\Local\\Temp\\rust_mozprofile.APbwRV6l3YK5"
1548270242564	addons.webextension.screenshots@mozilla.org	WARN	Loading extension 'screenshots@mozilla.org': Reading manifest: Invalid host permission: resource://pdf.js/
1548270242565	addons.webextension.screenshots@mozilla.org	WARN	Loading extension 'screenshots@mozilla.org': Reading manifest: Invalid host permission: about:reader*
1548270243046	Marionette	DEBUG	Received observer notification profile-after-change
1548270243832	Marionette	DEBUG	Received observer notification toplevel-window-ready
1548270243976	Marionette	DEBUG	Received observer notification command-line-startup
1548270243977	Marionette	DEBUG	Received observer notification nsPref:changed
1548270243977	Marionette	DEBUG	Init aborted (running=false, enabled=true, finalUIStartup=false)
1548270244622	Marionette	DEBUG	Received observer notification toplevel-window-ready
1548270247903	Marionette	DEBUG	Received observer notification sessionstore-windows-restored
1548270247905	Marionette	DEBUG	GFX sanity window detected, waiting until it has been closed...
1548270248270	Marionette	DEBUG	Received observer notification domwindowclosed
1548270248270	Marionette	DEBUG	Waiting for delayed startup...
1548270248771	Marionette	DEBUG	Setting recommended pref security.turn_off_all_security_so_that_viruses_can_take_over_this_computer to true
1548270248772	Marionette	DEBUG	Setting recommended pref apz.content_response_timeout to 60000
1548270248773	Marionette	DEBUG	Setting recommended pref browser.contentblocking.introCount to 99
1548270248774	Marionette	DEBUG	Setting recommended pref browser.download.panel.shown to true
1548270248774	Marionette	DEBUG	Setting recommended pref browser.pagethumbnails.capturing_disabled to true
1548270248776	Marionette	DEBUG	Setting recommended pref browser.tabs.disableBackgroundZombification to false
1548270248777	Marionette	DEBUG	Setting recommended pref browser.tabs.warnOnCloseOtherTabs to false
1548270248777	Marionette	DEBUG	Setting recommended pref browser.urlbar.suggest.searches to false
1548270248778	Marionette	DEBUG	Setting recommended pref datareporting.policy.dataSubmissionPolicyAccepted to false
1548270248780	Marionette	DEBUG	Setting recommended pref dom.disable_beforeunload to true
1548270248781	Marionette	DEBUG	Setting recommended pref dom.file.createInChild to true
1548270248781	Marionette	DEBUG	Setting recommended pref extensions.getAddons.cache.enabled to false
1548270248782	Marionette	DEBUG	Setting recommended pref extensions.webservice.discoverURL to http://%(server)s/dummy/discoveryURL
1548270248782	Marionette	DEBUG	Setting recommended pref network.http.prompt-temp-redirect to false
1548270248782	Marionette	DEBUG	Setting recommended pref network.http.speculative-parallel-limit to 0
1548270248783	Marionette	DEBUG	Setting recommended pref security.notification_enable_delay to 0
1548270248783	Marionette	DEBUG	Setting recommended pref signon.autofillForms to false
1548270248783	Marionette	DEBUG	Setting recommended pref toolkit.cosmeticAnimations.enabled to false
1548270248964	Marionette	INFO	Listening on port 54785
1548270248965	Marionette	DEBUG	Remote service is active
1548270249333	Marionette	DEBUG	Accepted connection 0 from 127.0.0.1:54803
1548270249336	Marionette	TRACE	0 -> [0,1,"WebDriver:NewSession",{"acceptInsecureCerts":true,"browserName":"firefox"}]
1548270249337	Marionette	WARN	TLS certificate errors will be ignored for this session
1548270249513	Marionette	DEBUG	[6442450945] Frame script loaded
1548270249517	Marionette	DEBUG	[6442450945] Frame script registered
1548270249521	Marionette	TRACE	0 <- [1,1,null,{"sessionId":"9db83e85-4782-4507-9466-1762a798a44b","capabilities":{"browserName":"firefox","browserVersion":"64.0. ... ozprofile.APbwRV6l3YK5","moz:shutdownTimeout":60000,"moz:useNonSpecCompliantPointerOrigin":false,"moz:webdriverClick":true}}]
1548270249607	Marionette	TRACE	0 -> [0,2,"WebDriver:SetTimeouts",{"script":5000}]
1548270249609	Marionette	TRACE	0 <- [1,2,null,{"value":null}]
1548270249614	Marionette	TRACE	0 -> [0,3,"WebDriver:SetTimeouts",{"implicit":0}]
1548270249615	Marionette	TRACE	0 <- [1,3,null,{"value":null}]
1548270249620	Marionette	TRACE	0 -> [0,4,"WebDriver:Navigate",{"url":"https://www.bol.com"}]
1548270249638	Marionette	DEBUG	[6442450945] Received DOM event beforeunload for about:blank
1548270256005	Marionette	DEBUG	[6442450945] Received DOM event pagehide for about:blank
1548270262676	Marionette	DEBUG	[6442450945] Received DOM event DOMContentLoaded for https://www.bol.com/nl/
1548270276357	Marionette	DEBUG	[6442450945] Received DOM event pageshow for https://www.bol.com/nl/
1548270276360	Marionette	TRACE	0 <- [1,4,null,{"value":null}]
1548270276373	Marionette	TRACE	0 -> [0,5,"WebDriver:MaximizeWindow",{}]
1548270276381	Marionette	TRACE	0 <- [1,5,null,{"x":-8,"y":-8,"width":1616,"height":886,"state":"maximized"}]
1548270278475	Marionette	TRACE	0 -> [0,6,"Marionette:Quit",{"flags":["eForceQuit"]}]
1548270278476	Marionette	INFO	Stopped listening on port 54785
1548270278678	Marionette	TRACE	0 <- [1,6,null,{"cause":"shutdown"}]
1548270278773	Marionette	TRACE	0 -> [0,7,"Marionette:Quit",{"flags":["eForceQuit"]}]
1548270278774	Marionette	TRACE	0 <- [1,7,{"error":"invalid session id","message":"Tried to run command without establishing a connection","stacktrace":"WebDriver ... et@chrome://marionette/content/server.js:236:8\n_onJSONObjectReady/<@chrome://marionette/content/transport.js:490:9\n"},null]
[Ch[Parent il8680,d 22456, Chrome_ChildThread] WARNING: pipe  Gecko_IOThread] WARNING: pipe error: 109: file z:/build/build/src/ipc/chromium/src/cherome/common/ipc_channel_win.cc, line 34rror: 109: file z:/build/build/s6rc/ipc/chromium/sr
c/chrome/common/ipc_channel_win.cc, line 346
[Child 22456, Chrome_ChildThread] WARNING: pipe error: 109: file z:/build/build/src/ipc/chromium/src/chrom1548270278826	Marionette	DEBUG	Closed connection 0
[Parent 8680, Gecko_IOThread] WARNING: pipe error: 109: file z:/build/build/src/ipc/chromium/src/chrome/common/ipc_channel_win.cc, line 346
[Child 17376, Chrome_ChildThread] WARNING: pipe error: 109: file z:/build/build/src/ipc/chromium/src/chrome/common/ipc_channel_win.cc, line 346
[Child 17376, Chrome_ChildThread] 1548270279414	Marionette	DEBUG	Received observer notification xpcom-will-shutdown
1548270279415	Marionette	DEBUG	Resetting recommended pref security.turn_off_all_security_so_that_viruses_can_take_over_this_computer
1548270279415	Marionette	DEBUG	Resetting recommended pref apz.content_response_timeout
1548270279416	Marionette	DEBUG	Resetting recommended pref browser.contentblocking.introCount
1548270279416	Marionette	DEBUG	Resetting recommended pref browser.download.panel.shown
1548270279416	Marionette	DEBUG	Resetting recommended pref browser.pagethumbnails.capturing_disabled
1548270279417	Marionette	DEBUG	Resetting recommended pref browser.tabs.disableBackgroundZombification
1548270279417	Marionette	DEBUG	Resetting recommended pref browser.tabs.warnOnCloseOtherTabs
1548270279417	Marionette	DEBUG	Resetting recommended pref browser.urlbar.suggest.searches
1548270279418	Marionette	DEBUG	Resetting recommended pref datareporting.policy.dataSubmissionPolicyAccepted
1548270279419	Marionette	DEBUG	Resetting recommended pref dom.disable_beforeunload
1548270279420	Marionette	DEBUG	Resetting recommended pref dom.file.createInChild
1548270279420	Marionette	DEBUG	Resetting recommended pref extensions.getAddons.cache.enabled
1548270279420	Marionette	DEBUG	Resetting recommended pref extensions.webservice.discoverURL
1548270279420	Marionette	DEBUG	Resetting recommended pref network.http.prompt-temp-redirect
1548270279420	Marionette	DEBUG	Resetting recommended pref network.http.speculative-parallel-limit
1548270279420	Marionette	DEBUG	Resetting recommended pref security.notification_enable_delay
1548270279420	Marionette	DEBUG	Resetting recommended pref signon.autofillForms
1548270279421	Marionette	DEBUG	Resetting recommended pref toolkit.cosmeticAnimations.enabled
1548270279421	Marionette	DEBUG	Remote service is inactive
[GPU 2736, Chrome_ChildThread] WARNING: pipe error: 109: file z:/build/build/s
###!!! [Child][MessageChannel::SendAndWait] Error: Channel error: cannot send/recv

1548270547492	mozrunner::runner	INFO	Running command: "C:\\Program Files\\Mozilla Firefox\\firefox.exe" "-marionette" "-foreground" "-no-remote" "-profile" "C:\\Users\\edwin\\AppData\\Local\\Temp\\rust_mozprofile.F4WuFCVHra97"
1548270548987	addons.webextension.screenshots@mozilla.org	WARN	Loading extension 'screenshots@mozilla.org': Reading manifest: Invalid host permission: resource://pdf.js/
1548270548987	addons.webextension.screenshots@mozilla.org	WARN	Loading extension 'screenshots@mozilla.org': Reading manifest: Invalid host permission: about:reader*
1548270549435	Marionette	DEBUG	Received observer notification profile-after-change
1548270550071	Marionette	DEBUG	Received observer notification toplevel-window-ready
1548270550207	Marionette	DEBUG	Received observer notification command-line-startup
1548270550213	Marionette	DEBUG	Received observer notification nsPref:changed
1548270550214	Marionette	DEBUG	Init aborted (running=false, enabled=true, finalUIStartup=false)
1548270550818	Marionette	DEBUG	Received observer notification toplevel-window-ready
1548270553564	Marionette	DEBUG	Received observer notification sessionstore-windows-restored
1548270553565	Marionette	DEBUG	Waiting for delayed startup...
1548270553963	Marionette	DEBUG	Setting recommended pref security.turn_off_all_security_so_that_viruses_can_take_over_this_computer to true
1548270553964	Marionette	DEBUG	Setting recommended pref apz.content_response_timeout to 60000
1548270553965	Marionette	DEBUG	Setting recommended pref browser.contentblocking.introCount to 99
1548270553966	Marionette	DEBUG	Setting recommended pref browser.download.panel.shown to true
1548270553971	Marionette	DEBUG	Setting recommended pref browser.pagethumbnails.capturing_disabled to true
1548270553974	Marionette	DEBUG	Setting recommended pref browser.tabs.disableBackgroundZombification to false
1548270553974	Marionette	DEBUG	Setting recommended pref browser.tabs.warnOnCloseOtherTabs to false
1548270553975	Marionette	DEBUG	Setting recommended pref browser.urlbar.suggest.searches to false
1548270553976	Marionette	DEBUG	Setting recommended pref datareporting.policy.dataSubmissionPolicyAccepted to false
1548270553976	Marionette	DEBUG	Setting recommended pref dom.disable_beforeunload to true
1548270553978	Marionette	DEBUG	Setting recommended pref dom.file.createInChild to true
1548270553978	Marionette	DEBUG	Setting recommended pref extensions.getAddons.cache.enabled to false
1548270553980	Marionette	DEBUG	Setting recommended pref extensions.webservice.discoverURL to http://%(server)s/dummy/discoveryURL
1548270553980	Marionette	DEBUG	Setting recommended pref network.http.prompt-temp-redirect to false
1548270553981	Marionette	DEBUG	Setting recommended pref network.http.speculative-parallel-limit to 0
1548270553981	Marionette	DEBUG	Setting recommended pref security.notification_enable_delay to 0
1548270553982	Marionette	DEBUG	Setting recommended pref signon.autofillForms to false
1548270553982	Marionette	DEBUG	Setting recommended pref toolkit.cosmeticAnimations.enabled to false
1548270554129	Marionette	INFO	Listening on port 54889
1548270554130	Marionette	DEBUG	Remote service is active
1548270554464	Marionette	DEBUG	Accepted connection 0 from 127.0.0.1:54903
1548270554475	Marionette	TRACE	0 -> [0,1,"WebDriver:NewSession",{"acceptInsecureCerts":true,"browserName":"firefox"}]
1548270554476	Marionette	WARN	TLS certificate errors will be ignored for this session
1548270554684	Marionette	DEBUG	[6442450945] Frame script loaded
1548270554690	Marionette	DEBUG	[6442450945] Frame script registered
1548270554710	Marionette	TRACE	0 <- [1,1,null,{"sessionId":"cb82eb3b-c184-4fc2-8e6b-b3fcab17b524","capabilities":{"browserName":"firefox","browserVersion":"64.0. ... ozprofile.F4WuFCVHra97","moz:shutdownTimeout":60000,"moz:useNonSpecCompliantPointerOrigin":false,"moz:webdriverClick":true}}]
1548270554820	Marionette	TRACE	0 -> [0,2,"WebDriver:SetTimeouts",{"script":5000}]
1548270554821	Marionette	TRACE	0 <- [1,2,null,{"value":null}]
1548270554825	Marionette	TRACE	0 -> [0,3,"WebDriver:SetTimeouts",{"implicit":0}]
1548270554826	Marionette	TRACE	0 <- [1,3,null,{"value":null}]
1548270554831	Marionette	TRACE	0 -> [0,4,"WebDriver:Navigate",{"url":"https://www.bol.com"}]
1548270554872	Marionette	DEBUG	[6442450945] Received DOM event beforeunload for about:blank
1548270556778	Marionette	DEBUG	[6442450945] Received DOM event pagehide for about:blank
1548270557737	Marionette	DEBUG	[6442450945] Received DOM event DOMContentLoaded for https://www.bol.com/nl/
1548270557859	Marionette	DEBUG	[6442450945] Received DOM event pageshow for https://www.bol.com/nl/
1548270557861	Marionette	TRACE	0 <- [1,4,null,{"value":null}]
1548270557873	Marionette	TRACE	0 -> [0,5,"WebDriver:MaximizeWindow",{}]
1548270557885	Marionette	TRACE	0 <- [1,5,null,{"x":-8,"y":-8,"width":1616,"height":886,"state":"maximized"}]
1548270559984	Marionette	TRACE	0 -> [0,6,"Marionette:Quit",{"flags":["eForceQuit"]}]
1548270559986	Marionette	INFO	Stopped listening on port 54889
1548270560220	Marionette	TRACE	0 <- [1,6,null,{"cause":"shutdown"}]
1548270560309	Marionette	TRACE	0 -> [0,7,"Marionette:Quit",{"flags":["eForceQuit"]}]
1548270560314	Marionette	TRACE	0 <- [1,7,{"error":"invalid session id","message":"Tried to run command without establishing a connection","stacktrace":"WebDriver ... et@chrome://marionette/content/server.js:236:8\n_onJSONObjectReady/<@chrome://marionette/content/transport.js:490:9\n"},null]
1548270560342	Marionette	DEBUG	Closed connection 0
[Child 28856, Chrome_ChildThread] WARNING: pipe error: 109: file z:/build/build/src/ipc/chromium/src/chrome/common/ipc_channel_win.cc, line 346
[ChiJavaScript error: resource://gre/modules/WebProgressChild.jsm, line 58: TypeError: this.mm.content is null
[Child 25848, Chrome_ChildThread] WARNING: pip
###!!! [Child][MessageChannel] Error: (msgtype=0x580029,name=PNecko::Msg_RemoveRequestContext) Channel closing: too late to send/recv, messages will be lost

e error: 109: file 
###!!! [Child][RunMessage] Error: Channel closing: too late to send/recv, messages will be lost

z:/build/build/src/ipc/chromium/src/chrom
###!!! [Child][RunMessage] Error: Channel closing: too late to send/recv, messages will be lost

e/common/ipc_channel_win.cc, line 346
[Child 25848, Ch1548270560899	Marionette	DEBUG	Received observer notification xpcom-will-shutdown
1548270560899	Marionette	DEBUG	Resetting recommended pref security.turn_off_all_security_so_that_viruses_can_take_over_this_computer
1548270560900	Marionette	DEBUG	Resetting recommended pref apz.content_response_timeout
1548270560900	Marionette	DEBUG	Resetting recommended pref browser.contentblocking.introCount
1548270560901	Marionette	DEBUG	Resetting recommended pref browser.download.panel.shown
1548270560902	Marionette	DEBUG	Resetting recommended pref browser.pagethumbnails.capturing_disabled
1548270560902	Marionette	DEBUG	Resetting recommended pref browser.tabs.disableBackgroundZombification
1548270560902	Marionette	DEBUG	Resetting recommended pref browser.tabs.warnOnCloseOtherTabs
1548270560903	Marionette	DEBUG	Resetting recommended pref browser.urlbar.suggest.searches
1548270560904	Marionette	DEBUG	Resetting recommended pref datareporting.policy.dataSubmissionPolicyAccepted
1548270560904	Marionette	DEBUG	Resetting recommended pref dom.disable_beforeunload
1548270560905	Marionette	DEBUG	Resetting recommended pref dom.file.createInChild
1548270560905	Marionette	DEBUG	Resetting recommended pref extensions.getAddons.cache.enabled
1548270560906	Marionette	DEBUG	Resetting recommended pref extensions.webservice.discoverURL
1548270560906	Marionette	DEBUG	Resetting recommended pref network.http.prompt-temp-redirect
1548270560906	Marionette	DEBUG	Resetting recommended pref network.http.speculative-parallel-limit
1548270560907	Marionette	DEBUG	Resetting recommended pref security.notification_enable_delay
1548270560907	Marionette	DEBUG	Resetting recommended pref signon.autofillForms
1548270560907	Marionette	DEBUG	Resetting recommended pref toolkit.cosmeticAnimations.enabled
1548270560908	Marionette	DEBUG	Remote service is inactive

###!!! [Child][RunMessage] Error: Channel closing: too late to send/recv, messages will be lost


###!!! [Child][MessageChannel::SendAndWait] Error: Channel error: cannot send/recv

1548417383523	mozrunner::runner	INFO	Running command: "C:\\Program Files\\Mozilla Firefox\\firefox.exe" "-marionette" "-foreground" "-no-remote" "-profile" "C:\\Users\\edwin\\AppData\\Local\\Temp\\rust_mozprofile.nlWeh6D2Cyvo"
1548417385354	addons.webextension.screenshots@mozilla.org	WARN	Loading extension 'screenshots@mozilla.org': Reading manifest: Invalid host permission: resource://pdf.js/
1548417385355	addons.webextension.screenshots@mozilla.org	WARN	Loading extension 'screenshots@mozilla.org': Reading manifest: Invalid host permission: about:reader*
1548417385680	Marionette	DEBUG	Received observer notification profile-after-change
1548417386217	Marionette	DEBUG	Received observer notification toplevel-window-ready
1548417386320	Marionette	DEBUG	Received observer notification command-line-startup
1548417386321	Marionette	DEBUG	Received observer notification nsPref:changed
1548417386321	Marionette	DEBUG	Init aborted (running=false, enabled=true, finalUIStartup=false)
1548417386858	Marionette	DEBUG	Received observer notification toplevel-window-ready
1548417389120	Marionette	DEBUG	Received observer notification sessionstore-windows-restored
1548417389121	Marionette	DEBUG	GFX sanity window detected, waiting until it has been closed...
1548417389393	Marionette	DEBUG	Received observer notification domwindowclosed
1548417389394	Marionette	DEBUG	Waiting for delayed startup...
1548417389935	Marionette	DEBUG	Setting recommended pref security.turn_off_all_security_so_that_viruses_can_take_over_this_computer to true
1548417389936	Marionette	DEBUG	Setting recommended pref apz.content_response_timeout to 60000
1548417389936	Marionette	DEBUG	Setting recommended pref browser.contentblocking.introCount to 99
1548417389936	Marionette	DEBUG	Setting recommended pref browser.download.panel.shown to true
1548417389937	Marionette	DEBUG	Setting recommended pref browser.pagethumbnails.capturing_disabled to true
1548417389938	Marionette	DEBUG	Setting recommended pref browser.tabs.disableBackgroundZombification to false
1548417389938	Marionette	DEBUG	Setting recommended pref browser.tabs.warnOnCloseOtherTabs to false
1548417389938	Marionette	DEBUG	Setting recommended pref browser.urlbar.suggest.searches to false
1548417389939	Marionette	DEBUG	Setting recommended pref datareporting.policy.dataSubmissionPolicyAccepted to false
1548417389939	Marionette	DEBUG	Setting recommended pref dom.disable_beforeunload to true
1548417389940	Marionette	DEBUG	Setting recommended pref dom.file.createInChild to true
1548417389940	Marionette	DEBUG	Setting recommended pref extensions.getAddons.cache.enabled to false
1548417389940	Marionette	DEBUG	Setting recommended pref extensions.webservice.discoverURL to http://%(server)s/dummy/discoveryURL
1548417389941	Marionette	DEBUG	Setting recommended pref network.http.prompt-temp-redirect to false
1548417389941	Marionette	DEBUG	Setting recommended pref network.http.speculative-parallel-limit to 0
1548417389941	Marionette	DEBUG	Setting recommended pref security.notification_enable_delay to 0
1548417389942	Marionette	DEBUG	Setting recommended pref signon.autofillForms to false
1548417389942	Marionette	DEBUG	Setting recommended pref toolkit.cosmeticAnimations.enabled to false
1548417390182	Marionette	INFO	Listening on port 49272
1548417390183	Marionette	DEBUG	Remote service is active
1548417390357	Marionette	DEBUG	Accepted connection 0 from 127.0.0.1:49291
1548417390388	Marionette	TRACE	0 -> [0,1,"WebDriver:NewSession",{"acceptInsecureCerts":true,"browserName":"firefox"}]
1548417390401	Marionette	WARN	TLS certificate errors will be ignored for this session
1548417390507	Marionette	DEBUG	[6442450945] Frame script loaded
1548417390520	Marionette	DEBUG	[6442450945] Frame script registered
1548417390700	Marionette	TRACE	0 <- [1,1,null,{"sessionId":"df957b0f-bc51-42c4-b05f-132b24dff315","capabilities":{"browserName":"firefox","browserVersion":"64.0. ... ozprofile.nlWeh6D2Cyvo","moz:shutdownTimeout":60000,"moz:useNonSpecCompliantPointerOrigin":false,"moz:webdriverClick":true}}]
1548417390806	Marionette	TRACE	0 -> [0,2,"WebDriver:SetTimeouts",{"script":5000}]
1548417390807	Marionette	TRACE	0 <- [1,2,null,{"value":null}]
1548417390824	Marionette	TRACE	0 -> [0,3,"WebDriver:SetTimeouts",{"implicit":0}]
1548417390825	Marionette	TRACE	0 <- [1,3,null,{"value":null}]
1548417390839	Marionette	TRACE	0 -> [0,4,"WebDriver:Navigate",{"url":"https://www.bol.com"}]
1548417390853	Marionette	DEBUG	[6442450945] Received DOM event beforeunload for about:blank
1548417391127	Marionette	DEBUG	[6442450945] Received DOM event pagehide for about:blank
1548417391782	Marionette	DEBUG	[6442450945] Received DOM event DOMContentLoaded for https://www.bol.com/nl/
1548417392034	Marionette	DEBUG	[6442450945] Received DOM event pageshow for https://www.bol.com/nl/
1548417392036	Marionette	TRACE	0 <- [1,4,null,{"value":null}]
1548417392045	Marionette	TRACE	0 -> [0,5,"WebDriver:MaximizeWindow",{}]
1548417392055	Marionette	TRACE	0 <- [1,5,null,{"x":-8,"y":-8,"width":1616,"height":886,"state":"maximized"}]
1548417394185	Marionette	TRACE	0 -> [0,6,"Marionette:Quit",{"flags":["eForceQuit"]}]
1548417394186	Marionette	INFO	Stopped listening on port 49272
1548417394444	Marionette	TRACE	0 <- [1,6,null,{"cause":"shutdown"}]
1548417394509	Marionette	TRACE	0 -> [0,7,"Marionette:Quit",{"flags":["eForceQuit"]}]
1548417394510	Marionette	TRACE	0 <- [1,7,{"error":"invalid session id","message":"Tried to run command without establishing a connection","stacktrace":"WebDriver ... et@chrome://marionette/content/server.js:236:8\n_onJSONObjectReady/<@chrome://marionette/content/transport.js:490:9\n"},null]
[Parent 33832, Gecko_IOThread] WARNING: pipe error: 109: file z:/build/build/src/ipc/chromium/src/chrome/common/ipc_channel_win.cc, line 346
[Child 40784, Chrome_ChildThread] WARNING: pipe error: 109: file z:/build/build/src/ipc/chromium/src/chrome/common/ipc_channel_win.cc, line 346
1548417394557	Marionette	DEBUG	Closed connection 0
[Child 29780, Chrome_ChildThread] WARNING: pipe error: 109: file z:/build/build/src/ipc/chromium/src/chrome/common/ipc_channel_win.cc, line 346
[Child 29780, Chrome_ChildThread] WARNING:[Parent 33832, Gecko_IOThread] WARNING: pipe error: 109: file z:/build/build/src/ipc/chromium/src/chrome/common/ipc_channel_win.cc, line 346
1548417395306	Marionette	DEBUG	Received observer notification xpcom-will-shutdown
1548417395306	Marionette	DEBUG	Resetting recommended pref security.turn_off_all_security_so_that_viruses_can_take_over_this_computer
1548417395306	Marionette	DEBUG	Resetting recommended pref apz.content_response_timeout
1548417395306	Marionette	DEBUG	Resetting recommended pref browser.contentblocking.introCount
1548417395307	Marionette	DEBUG	Resetting recommended pref browser.download.panel.shown
1548417395307	Marionette	DEBUG	Resetting recommended pref browser.pagethumbnails.capturing_disabled
1548417395307	Marionette	DEBUG	Resetting recommended pref browser.tabs.disableBackgroundZombification
1548417395307	Marionette	DEBUG	Resetting recommended pref browser.tabs.warnOnCloseOtherTabs
1548417395307	Marionette	DEBUG	Resetting recommended pref browser.urlbar.suggest.searches
1548417395307	Marionette	DEBUG	Resetting recommended pref datareporting.policy.dataSubmissionPolicyAccepted
1548417395308	Marionette	DEBUG	Resetting recommended pref dom.disable_beforeunload
1548417395308	Marionette	DEBUG	Resetting recommended pref dom.file.createInChild
1548417395308	Marionette	DEBUG	Resetting recommended pref extensions.getAddons.cache.enabled
1548417395308	Marionette	DEBUG	Resetting recommended pref extensions.webservice.discoverURL
1548417395308	Marionette	DEBUG	Resetting recommended pref network.http.prompt-temp-redirect
1548417395308	Marionette	DEBUG	Resetting recommended pref network.http.speculative-parallel-limit
1548417395308	Marionette	DEBUG	Resetting recommended pref security.notification_enable_delay
1548417395308	Marionette	DEBUG	Resetting recommended pref signon.autofillForms
1548417395308	Marionette	DEBUG	Resetting recommended pref toolkit.cosmeticAnimations.enabled
1548417395309	Marionette	DEBUG	Remote service is inactive

###!!! [Child][MessageChannel::SendAndWait] Error: Channel error: cannot send/recv

1548417410918	mozrunner::runner	INFO	Running command: "C:\\Program Files\\Mozilla Firefox\\firefox.exe" "-marionette" "-foreground" "-no-remote" "-profile" "C:\\Users\\edwin\\AppData\\Local\\Temp\\rust_mozprofile.zwZmvWyqL4Qt"
1548417412527	addons.webextension.screenshots@mozilla.org	WARN	Loading extension 'screenshots@mozilla.org': Reading manifest: Invalid host permission: resource://pdf.js/
1548417412528	addons.webextension.screenshots@mozilla.org	WARN	Loading extension 'screenshots@mozilla.org': Reading manifest: Invalid host permission: about:reader*
1548417412838	Marionette	DEBUG	Received observer notification profile-after-change
1548417413348	Marionette	DEBUG	Received observer notification toplevel-window-ready
1548417413433	Marionette	DEBUG	Received observer notification command-line-startup
1548417413433	Marionette	DEBUG	Received observer notification nsPref:changed
1548417413433	Marionette	DEBUG	Init aborted (running=false, enabled=true, finalUIStartup=false)
1548417413899	Marionette	DEBUG	Received observer notification toplevel-window-ready
1548417415994	Marionette	DEBUG	Received observer notification sessionstore-windows-restored
1548417415995	Marionette	DEBUG	Waiting for delayed startup...
1548417416211	Marionette	DEBUG	Setting recommended pref security.turn_off_all_security_so_that_viruses_can_take_over_this_computer to true
1548417416211	Marionette	DEBUG	Setting recommended pref apz.content_response_timeout to 60000
1548417416212	Marionette	DEBUG	Setting recommended pref browser.contentblocking.introCount to 99
1548417416212	Marionette	DEBUG	Setting recommended pref browser.download.panel.shown to true
1548417416213	Marionette	DEBUG	Setting recommended pref browser.pagethumbnails.capturing_disabled to true
1548417416214	Marionette	DEBUG	Setting recommended pref browser.tabs.disableBackgroundZombification to false
1548417416214	Marionette	DEBUG	Setting recommended pref browser.tabs.warnOnCloseOtherTabs to false
1548417416215	Marionette	DEBUG	Setting recommended pref browser.urlbar.suggest.searches to false
1548417416216	Marionette	DEBUG	Setting recommended pref datareporting.policy.dataSubmissionPolicyAccepted to false
1548417416216	Marionette	DEBUG	Setting recommended pref dom.disable_beforeunload to true
1548417416217	Marionette	DEBUG	Setting recommended pref dom.file.createInChild to true
1548417416217	Marionette	DEBUG	Setting recommended pref extensions.getAddons.cache.enabled to false
1548417416218	Marionette	DEBUG	Setting recommended pref extensions.webservice.discoverURL to http://%(server)s/dummy/discoveryURL
1548417416219	Marionette	DEBUG	Setting recommended pref network.http.prompt-temp-redirect to false
1548417416219	Marionette	DEBUG	Setting recommended pref network.http.speculative-parallel-limit to 0
1548417416219	Marionette	DEBUG	Setting recommended pref security.notification_enable_delay to 0
1548417416220	Marionette	DEBUG	Setting recommended pref signon.autofillForms to false
1548417416220	Marionette	DEBUG	Setting recommended pref toolkit.cosmeticAnimations.enabled to false
1548417416337	Marionette	INFO	Listening on port 49409
1548417416337	Marionette	DEBUG	Remote service is active
1548417416388	Marionette	DEBUG	Accepted connection 0 from 127.0.0.1:49429
1548417416405	Marionette	TRACE	0 -> [0,1,"WebDriver:NewSession",{"acceptInsecureCerts":true,"browserName":"firefox"}]
1548417416405	Marionette	WARN	TLS certificate errors will be ignored for this session
1548417416526	Marionette	DEBUG	[6442450945] Frame script loaded
1548417416543	Marionette	DEBUG	[6442450945] Frame script registered
1548417416546	Marionette	TRACE	0 <- [1,1,null,{"sessionId":"bd0e45a3-039c-4f81-a717-e4bf6b9ebfbb","capabilities":{"browserName":"firefox","browserVersion":"64.0. ... ozprofile.zwZmvWyqL4Qt","moz:shutdownTimeout":60000,"moz:useNonSpecCompliantPointerOrigin":false,"moz:webdriverClick":true}}]
1548417416590	Marionette	TRACE	0 -> [0,2,"WebDriver:SetTimeouts",{"script":5000}]
1548417416591	Marionette	TRACE	0 <- [1,2,null,{"value":null}]
1548417416603	Marionette	TRACE	0 -> [0,3,"WebDriver:SetTimeouts",{"implicit":0}]
1548417416604	Marionette	TRACE	0 <- [1,3,null,{"value":null}]
1548417416610	Marionette	TRACE	0 -> [0,4,"WebDriver:Navigate",{"url":"about:blank"}]
1548417416658	Marionette	DEBUG	[6442450945] Received DOM event beforeunload for about:blank
1548417416661	Marionette	DEBUG	[6442450945] Received DOM event pagehide for about:blank
1548417416669	Marionette	DEBUG	[6442450945] Received DOM event DOMContentLoaded for about:blank
1548417416697	Marionette	DEBUG	[6442450945] Received DOM event pageshow for about:blank
1548417416718	Marionette	TRACE	0 <- [1,4,null,{"value":null}]
1548417416728	Marionette	TRACE	0 -> [0,5,"WebDriver:MaximizeWindow",{}]
1548417416749	Marionette	TRACE	0 <- [1,5,null,{"x":-8,"y":-8,"width":1616,"height":886,"state":"maximized"}]
1548417416815	Marionette	TRACE	0 -> [0,6,"WebDriver:Navigate",{"url":"https://"}]
1548417416821	Marionette	TRACE	0 <- [1,6,{"error":"invalid argument","message":"Malformed URL: https:// is not a valid URL.","stacktrace":"WebDriverError@chrome: ... nvalidArgumentError@chrome://marionette/content/error.js:305:5\nget@chrome://marionette/content/listener.js:1033:19\n"},null]
1548417416846	Marionette	TRACE	0 -> [0,7,"WebDriver:TakeScreenshot",{"full":false,"highlights":[],"id":null}]
1548417416861	Marionette	TRACE	0 <- [1,7,null,{"value":"iVBORw0KGgoAAAANSUhEUgAABkAAAAAICAYAAACh1zOcAAAAX0lEQVR4nO3ZQQkAMAzAwPo33ZoYDMKdgvwzCwAAAAAAEDO/AwAAAAAAAF4zQAAAAAAAgBwDBAAAAAAAyDFAAAAAAACAHAMEAAAAAADIMUAAAAAAAIAcAwQAAAAAAMg5Z0tDqlja9EAAAAAASUVORK5CYII="}]
1548417417355	Marionette	DEBUG	Closed connection 0
console.error: BroadcastService: 
  receivedBroadcastMessage: handler for
  remote-settings/monitor_changes
  threw error:
  Message: Error: Polling for changes failed: NetworkError when attempting to fetch resource..
  Stack:
    remoteSettingsFunction/remoteSettings.pollChanges@resource://services-settings/remote-settings.js:750:13

[Child 38320, Chrome_ChildThread] WARNING: pipe error: 109: file z:/build/build/src/ipc/chr[oChild 40192, Chrome_ChildThread] WARNING: pipe error: 109: file mium/src/chrome/common/ipc_zc:/build/build/src/ipc/chromium/src/chrome/common/ipc_channel_win.cc, line 34h6annel_win.cc, line 346

[Child 38320, Chrome_ChildThread] WARNING: pipe error: 109: file z:/build/build/src/ipc/chromium/src/chrome/common/ipc[_channel_win.cc, line 346C
hild 40192, Chrome_ChildThr[Parent 27972, Gecko_IOThread] WARNING: pipe error: 109: file z:/build/build/src/ipc/chromium/src/chrome/common/ipc_channel_win.cc, line 346
[Child 34532, Chrome_ChildThread] WARNING: pipe error: 109: file z:/build/build/src/ipc/chromium/src/chrome/common/ipc_channel_win.cc, line 346
1548417447447	Marionette	DEBUG	Received observer notification xpcom-will-shutdown
1548417447447	Marionette	DEBUG	Resetting recommended pref security.turn_off_all_security_so_that_viruses_can_take_over_this_computer
1548417447447	Marionette	DEBUG	Resetting recommended pref apz.content_response_timeout
1548417447448	Marionette	DEBUG	Resetting recommended pref browser.contentblocking.introCount
1548417447448	Marionette	DEBUG	Resetting recommended pref browser.download.panel.shown
1548417447448	Marionette	DEBUG	Resetting recommended pref browser.pagethumbnails.capturing_disabled
1548417447448	Marionette	DEBUG	Resetting recommended pref browser.tabs.disableBackgroundZombification
1548417447448	Marionette	DEBUG	Resetting recommended pref browser.tabs.warnOnCloseOtherTabs
1548417447448	Marionette	DEBUG	Resetting recommended pref browser.urlbar.suggest.searches
1548417447449	Marionette	DEBUG	Resetting recommended pref datareporting.policy.dataSubmissionPolicyAccepted
1548417447449	Marionette	DEBUG	Resetting recommended pref dom.disable_beforeunload
1548417447449	Marionette	DEBUG	Resetting recommended pref dom.file.createInChild
1548417447449	Marionette	DEBUG	Resetting recommended pref extensions.getAddons.cache.enabled
1548417447449	Marionette	DEBUG	Resetting recommended pref extensions.webservice.discoverURL
1548417447450	Marionette	DEBUG	Resetting recommended pref network.http.prompt-temp-redirect
1548417447450	Marionette	DEBUG	Resetting recommended pref network.http.speculative-parallel-limit
1548417447450	Marionette	DEBUG	Resetting recommended pref security.notification_enable_delay
1548417447450	Marionette	DEBUG	Resetting recommended pref signon.autofillForms
1548417447450	Marionette	DEBUG	Resetting recommended pref toolkit.cosmeticAnimations.enabled
1548417447450	Marionette	INFO	Stopped listening on port 49409
1548417447450	Marionette	DEBUG	Remote service is inactive

###!!! [Child][RunMessage] Error: Channel closing: too late to send/recv, messages will be lost

[GPU 34768, Chro
###!!! [Child][MessageChannel::SendAndWait] Error: Channel error: cannot send/recv

